<?xml version="1.0" encoding="UTF-8"?>
<testsuite name="cn.wenhe9.template.SpringBootGradleTemplateApplicationTests" tests="1" skipped="0" failures="0" errors="0" timestamp="2024-02-18T14:07:04" hostname="DESKTOP-1HUQNMH" time="0.188">
  <properties/>
  <testcase name="contextLoads()" classname="cn.wenhe9.template.SpringBootGradleTemplateApplicationTests" time="0.188"/>
  <system-out><![CDATA[22:07:03.174 [Test worker] DEBUG org.springframework.test.context.BootstrapUtils - Instantiating CacheAwareContextLoaderDelegate from class [org.springframework.test.context.cache.DefaultCacheAwareContextLoaderDelegate]
22:07:03.181 [Test worker] DEBUG org.springframework.test.context.BootstrapUtils - Instantiating BootstrapContext using constructor [public org.springframework.test.context.support.DefaultBootstrapContext(java.lang.Class,org.springframework.test.context.CacheAwareContextLoaderDelegate)]
22:07:03.200 [Test worker] DEBUG org.springframework.test.context.BootstrapUtils - Instantiating TestContextBootstrapper for test class [cn.wenhe9.template.SpringBootGradleTemplateApplicationTests] from class [org.springframework.boot.test.context.SpringBootTestContextBootstrapper]
22:07:03.209 [Test worker] INFO org.springframework.boot.test.context.SpringBootTestContextBootstrapper - Neither @ContextConfiguration nor @ContextHierarchy found for test class [cn.wenhe9.template.SpringBootGradleTemplateApplicationTests], using SpringBootContextLoader
22:07:03.211 [Test worker] DEBUG org.springframework.test.context.support.AbstractContextLoader - Did not detect default resource location for test class [cn.wenhe9.template.SpringBootGradleTemplateApplicationTests]: class path resource [cn/wenhe9/template/SpringBootGradleTemplateApplicationTests-context.xml] does not exist
22:07:03.211 [Test worker] DEBUG org.springframework.test.context.support.AbstractContextLoader - Did not detect default resource location for test class [cn.wenhe9.template.SpringBootGradleTemplateApplicationTests]: class path resource [cn/wenhe9/template/SpringBootGradleTemplateApplicationTestsContext.groovy] does not exist
22:07:03.211 [Test worker] INFO org.springframework.test.context.support.AbstractContextLoader - Could not detect default resource locations for test class [cn.wenhe9.template.SpringBootGradleTemplateApplicationTests]: no resource found for suffixes {-context.xml, Context.groovy}.
22:07:03.211 [Test worker] INFO org.springframework.test.context.support.AnnotationConfigContextLoaderUtils - Could not detect default configuration classes for test class [cn.wenhe9.template.SpringBootGradleTemplateApplicationTests]: SpringBootGradleTemplateApplicationTests does not declare any static, non-private, non-final, nested classes annotated with @Configuration.
22:07:03.244 [Test worker] DEBUG org.springframework.test.context.support.ActiveProfilesUtils - Could not find an 'annotation declaring class' for annotation type [org.springframework.test.context.ActiveProfiles] and class [cn.wenhe9.template.SpringBootGradleTemplateApplicationTests]
22:07:03.277 [Test worker] DEBUG org.springframework.context.annotation.ClassPathScanningCandidateComponentProvider - Identified candidate component class: file [D:\code\spring-boot-gradle-template\build\classes\java\main\cn\wenhe9\template\SpringBootGradleTemplateApplication.class]
22:07:03.279 [Test worker] INFO org.springframework.boot.test.context.SpringBootTestContextBootstrapper - Found @SpringBootConfiguration cn.wenhe9.template.SpringBootGradleTemplateApplication for test class cn.wenhe9.template.SpringBootGradleTemplateApplicationTests
22:07:03.338 [Test worker] DEBUG org.springframework.boot.test.context.SpringBootTestContextBootstrapper - @TestExecutionListeners is not present for class [cn.wenhe9.template.SpringBootGradleTemplateApplicationTests]: using defaults.
22:07:03.338 [Test worker] INFO org.springframework.boot.test.context.SpringBootTestContextBootstrapper - Loaded default TestExecutionListener class names from location [META-INF/spring.factories]: [org.springframework.boot.test.autoconfigure.restdocs.RestDocsTestExecutionListener, org.springframework.boot.test.autoconfigure.web.client.MockRestServiceServerResetTestExecutionListener, org.springframework.boot.test.autoconfigure.web.servlet.MockMvcPrintOnlyOnFailureTestExecutionListener, org.springframework.boot.test.autoconfigure.web.servlet.WebDriverTestExecutionListener, org.springframework.boot.test.autoconfigure.webservices.client.MockWebServiceServerTestExecutionListener, org.springframework.boot.test.mock.mockito.MockitoTestExecutionListener, org.springframework.boot.test.mock.mockito.ResetMocksTestExecutionListener, org.springframework.test.context.web.ServletTestExecutionListener, org.springframework.test.context.support.DirtiesContextBeforeModesTestExecutionListener, org.springframework.test.context.event.ApplicationEventsTestExecutionListener, org.springframework.test.context.support.DependencyInjectionTestExecutionListener, org.springframework.test.context.support.DirtiesContextTestExecutionListener, org.springframework.test.context.transaction.TransactionalTestExecutionListener, org.springframework.test.context.jdbc.SqlScriptsTestExecutionListener, org.springframework.test.context.event.EventPublishingTestExecutionListener]
22:07:03.346 [Test worker] DEBUG org.springframework.boot.test.context.SpringBootTestContextBootstrapper - Skipping candidate TestExecutionListener [org.springframework.test.context.transaction.TransactionalTestExecutionListener] due to a missing dependency. Specify custom listener classes or make the default listener classes and their required dependencies available. Offending class: [org/springframework/transaction/interceptor/TransactionAttributeSource]
22:07:03.347 [Test worker] DEBUG org.springframework.boot.test.context.SpringBootTestContextBootstrapper - Skipping candidate TestExecutionListener [org.springframework.test.context.jdbc.SqlScriptsTestExecutionListener] due to a missing dependency. Specify custom listener classes or make the default listener classes and their required dependencies available. Offending class: [org/springframework/transaction/interceptor/TransactionAttribute]
22:07:03.347 [Test worker] INFO org.springframework.boot.test.context.SpringBootTestContextBootstrapper - Using TestExecutionListeners: [org.springframework.test.context.web.ServletTestExecutionListener@5f9be66c, org.springframework.test.context.support.DirtiesContextBeforeModesTestExecutionListener@3abada5a, org.springframework.test.context.event.ApplicationEventsTestExecutionListener@66c61024, org.springframework.boot.test.mock.mockito.MockitoTestExecutionListener@61fe30, org.springframework.boot.test.autoconfigure.SpringBootDependencyInjectionTestExecutionListener@c9d0d6, org.springframework.test.context.support.DirtiesContextTestExecutionListener@6ccdb29f, org.springframework.test.context.event.EventPublishingTestExecutionListener@3adcc812, org.springframework.boot.test.autoconfigure.restdocs.RestDocsTestExecutionListener@35432107, org.springframework.boot.test.autoconfigure.web.client.MockRestServiceServerResetTestExecutionListener@7b420819, org.springframework.boot.test.autoconfigure.web.servlet.MockMvcPrintOnlyOnFailureTestExecutionListener@7a1a14a4, org.springframework.boot.test.autoconfigure.web.servlet.WebDriverTestExecutionListener@265adfad, org.springframework.boot.test.autoconfigure.webservices.client.MockWebServiceServerTestExecutionListener@a3d9978, org.springframework.boot.test.mock.mockito.ResetMocksTestExecutionListener@61544ae6]
22:07:03.349 [Test worker] DEBUG org.springframework.test.context.support.AbstractDirtiesContextTestExecutionListener - Before test class: context [DefaultTestContext@5bf0fe62 testClass = SpringBootGradleTemplateApplicationTests, testInstance = [null], testMethod = [null], testException = [null], mergedContextConfiguration = [WebMergedContextConfiguration@1e097d59 testClass = SpringBootGradleTemplateApplicationTests, locations = '{}', classes = '{class cn.wenhe9.template.SpringBootGradleTemplateApplication}', contextInitializerClasses = '[]', activeProfiles = '{}', propertySourceLocations = '{}', propertySourceProperties = '{org.springframework.boot.test.context.SpringBootTestContextBootstrapper=true}', contextCustomizers = set[org.springframework.boot.test.autoconfigure.actuate.metrics.MetricsExportContextCustomizerFactory$DisableMetricExportContextCustomizer@72cc7e6f, org.springframework.boot.test.autoconfigure.properties.PropertyMappingContextCustomizer@0, org.springframework.boot.test.autoconfigure.web.servlet.WebDriverContextCustomizerFactory$Customizer@5386659f, org.springframework.boot.test.context.filter.ExcludeFilterContextCustomizer@7ce69770, org.springframework.boot.test.json.DuplicateJsonObjectContextCustomizerFactory$DuplicateJsonObjectContextCustomizer@268f106e, org.springframework.boot.test.mock.mockito.MockitoContextCustomizer@0, org.springframework.boot.test.web.client.TestRestTemplateContextCustomizer@2b30a42c, org.springframework.boot.test.context.SpringBootTestArgs@1, org.springframework.boot.test.context.SpringBootTestWebEnvironment@18ce0030], resourceBasePath = 'src/main/webapp', contextLoader = 'org.springframework.boot.test.context.SpringBootContextLoader', parent = [null]], attributes = map['org.springframework.test.context.web.ServletTestExecutionListener.activateListener' -> true]], class annotated with @DirtiesContext [false] with mode [null].

  .   ____          _            __ _ _
 /\\ / ___'_ __ _ _(_)_ __  __ _ \ \ \ \
( ( )\___ | '_ | '_| | '_ \/ _` | \ \ \ \
 \\/  ___)| |_)| | | | | || (_| |  ) ) ) )
  '  |____| .__|_| |_|_| |_\__, | / / / /
 =========|_|==============|___/=/_/_/_/
 :: Spring Boot ::                (v2.6.4)

2024-02-18 22:07:03.560  INFO 5884 --- [    Test worker] SpringBootGradleTemplateApplicationTests : Starting SpringBootGradleTemplateApplicationTests using Java 1.8.0_402 on DESKTOP-1HUQNMH with PID 5884 (started by meteor in D:\code\spring-boot-gradle-template)
2024-02-18 22:07:03.561  INFO 5884 --- [    Test worker] SpringBootGradleTemplateApplicationTests : No active profile set, falling back to 1 default profile: "default"
2024-02-18 22:07:04.329  INFO 5884 --- [    Test worker] SpringBootGradleTemplateApplicationTests : Started SpringBootGradleTemplateApplicationTests in 0.956 seconds (JVM running for 1.861)
]]></system-out>
  <system-err><![CDATA[]]></system-err>
</testsuite>
